<?xml version="1.0" encoding="UTF-8"?>
<!-- Generated by org.testng.reporters.JUnitReportReporter -->
<testsuite ignored="0" hostname="Kashyaps-MacBook-Air.local" failures="0" tests="1" name="microsoft.qa.testcases.SearchValidation" time="51.319" errors="0" timestamp="24 Aug 2022 11:43:33 GMT" skipped="0">
  <testcase classname="microsoft.qa.testcases.SearchValidation" name="validateSearch" time="51.319"/>
</testsuite> <!-- microsoft.qa.testcases.SearchValidation -->
